{"C:\\Nicole\\SAP010-burger-queen-api\\config.js": {"path":"C:\\Nicole\\SAP010-burger-queen-api\\config.js","statementMap":{"0":{"start":{"line":1,"column":13},"end":{"line":1,"column":56}},"1":{"start":{"line":2,"column":14},"end":{"line":2,"column":68}},"2":{"start":{"line":3,"column":15},"end":{"line":3,"column":66}},"3":{"start":{"line":4,"column":19},"end":{"line":4,"column":63}},"4":{"start":{"line":5,"column":22},"end":{"line":5,"column":62}},"5":{"start":{"line":7,"column":0},"end":{"line":13,"column":2}}},"fnMap":{},"branchMap":{"0":{"loc":{"start":{"line":1,"column":13},"end":{"line":1,"column":56}},"type":"binary-expr","locations":[{"start":{"line":1,"column":13},"end":{"line":1,"column":28}},{"start":{"line":1,"column":32},"end":{"line":1,"column":48}},{"start":{"line":1,"column":52},"end":{"line":1,"column":56}}],"line":1},"1":{"loc":{"start":{"line":2,"column":14},"end":{"line":2,"column":68}},"type":"binary-expr","locations":[{"start":{"line":2,"column":14},"end":{"line":2,"column":32}},{"start":{"line":2,"column":36},"end":{"line":2,"column":68}}],"line":2},"2":{"loc":{"start":{"line":3,"column":15},"end":{"line":3,"column":66}},"type":"binary-expr","locations":[{"start":{"line":3,"column":15},"end":{"line":3,"column":37}},{"start":{"line":3,"column":41},"end":{"line":3,"column":66}}],"line":3},"3":{"loc":{"start":{"line":4,"column":19},"end":{"line":4,"column":63}},"type":"binary-expr","locations":[{"start":{"line":4,"column":19},"end":{"line":4,"column":42}},{"start":{"line":4,"column":46},"end":{"line":4,"column":63}}],"line":4},"4":{"loc":{"start":{"line":5,"column":22},"end":{"line":5,"column":62}},"type":"binary-expr","locations":[{"start":{"line":5,"column":22},"end":{"line":5,"column":48}},{"start":{"line":5,"column":52},"end":{"line":5,"column":62}}],"line":5}},"s":{"0":1,"1":1,"2":1,"3":1,"4":1,"5":1},"f":{},"b":{"0":[1,1,1],"1":[1,1],"2":[1,1],"3":[1,1],"4":[1,1]},"_coverageSchema":"1a1c01bbd47fc00a2c39e90264f33305004495a9","hash":"f65e65ed43a964376e9e4429bc1e632873b46826"}
,"C:\\Nicole\\SAP010-burger-queen-api\\controller\\auth.js": {"path":"C:\\Nicole\\SAP010-burger-queen-api\\controller\\auth.js","statementMap":{"0":{"start":{"line":1,"column":15},"end":{"line":1,"column":32}},"1":{"start":{"line":2,"column":12},"end":{"line":2,"column":35}},"2":{"start":{"line":3,"column":13},"end":{"line":3,"column":38}},"3":{"start":{"line":4,"column":19},"end":{"line":4,"column":39}},"4":{"start":{"line":6,"column":14},"end":{"line":37,"column":1}},"5":{"start":{"line":10,"column":6},"end":{"line":10,"column":14}},"6":{"start":{"line":12,"column":2},"end":{"line":14,"column":3}},"7":{"start":{"line":13,"column":4},"end":{"line":13,"column":56}},"8":{"start":{"line":16,"column":2},"end":{"line":36,"column":3}},"9":{"start":{"line":17,"column":17},"end":{"line":17,"column":46}},"10":{"start":{"line":19,"column":4},"end":{"line":21,"column":5}},"11":{"start":{"line":20,"column":6},"end":{"line":20,"column":56}},"12":{"start":{"line":23,"column":26},"end":{"line":23,"column":71}},"13":{"start":{"line":25,"column":4},"end":{"line":27,"column":5}},"14":{"start":{"line":26,"column":6},"end":{"line":26,"column":63}},"15":{"start":{"line":29,"column":18},"end":{"line":31,"column":6}},"16":{"start":{"line":33,"column":4},"end":{"line":33,"column":36}},"17":{"start":{"line":35,"column":4},"end":{"line":35,"column":59}},"18":{"start":{"line":39,"column":0},"end":{"line":41,"column":2}}},"fnMap":{"0":{"name":"(anonymous_0)","decl":{"start":{"line":6,"column":14},"end":{"line":6,"column":15}},"loc":{"start":{"line":6,"column":34},"end":{"line":37,"column":1}},"line":6}},"branchMap":{"0":{"loc":{"start":{"line":12,"column":2},"end":{"line":14,"column":3}},"type":"if","locations":[{"start":{"line":12,"column":2},"end":{"line":14,"column":3}},{"start":{},"end":{}}],"line":12},"1":{"loc":{"start":{"line":12,"column":6},"end":{"line":12,"column":25}},"type":"binary-expr","locations":[{"start":{"line":12,"column":6},"end":{"line":12,"column":12}},{"start":{"line":12,"column":16},"end":{"line":12,"column":25}}],"line":12},"2":{"loc":{"start":{"line":19,"column":4},"end":{"line":21,"column":5}},"type":"if","locations":[{"start":{"line":19,"column":4},"end":{"line":21,"column":5}},{"start":{},"end":{}}],"line":19},"3":{"loc":{"start":{"line":25,"column":4},"end":{"line":27,"column":5}},"type":"if","locations":[{"start":{"line":25,"column":4},"end":{"line":27,"column":5}},{"start":{},"end":{}}],"line":25}},"s":{"0":1,"1":1,"2":1,"3":1,"4":1,"5":5,"6":5,"7":1,"8":4,"9":4,"10":3,"11":1,"12":2,"13":2,"14":1,"15":1,"16":1,"17":1,"18":1},"f":{"0":5},"b":{"0":[1,4],"1":[5,4],"2":[1,2],"3":[1,1]},"_coverageSchema":"1a1c01bbd47fc00a2c39e90264f33305004495a9","hash":"b600dfe068b145be001ba6ffa709155af31aae6f"}
,"C:\\Nicole\\SAP010-burger-queen-api\\controller\\products.js": {"path":"C:\\Nicole\\SAP010-burger-queen-api\\controller\\products.js","statementMap":{"0":{"start":{"line":1,"column":17},"end":{"line":1,"column":46}},"1":{"start":{"line":3,"column":22},"end":{"line":30,"column":1}},"2":{"start":{"line":4,"column":2},"end":{"line":29,"column":3}},"3":{"start":{"line":11,"column":8},"end":{"line":11,"column":16}},"4":{"start":{"line":13,"column":4},"end":{"line":15,"column":5}},"5":{"start":{"line":14,"column":6},"end":{"line":14,"column":89}},"6":{"start":{"line":17,"column":20},"end":{"line":23,"column":6}},"7":{"start":{"line":25,"column":23},"end":{"line":25,"column":43}},"8":{"start":{"line":26,"column":4},"end":{"line":26,"column":41}},"9":{"start":{"line":28,"column":4},"end":{"line":28,"column":61}},"10":{"start":{"line":32,"column":22},"end":{"line":63,"column":1}},"11":{"start":{"line":33,"column":2},"end":{"line":62,"column":3}},"12":{"start":{"line":34,"column":22},"end":{"line":34,"column":35}},"13":{"start":{"line":42,"column":8},"end":{"line":42,"column":16}},"14":{"start":{"line":44,"column":27},"end":{"line":54,"column":5}},"15":{"start":{"line":56,"column":4},"end":{"line":58,"column":5}},"16":{"start":{"line":57,"column":6},"end":{"line":57,"column":66}},"17":{"start":{"line":59,"column":4},"end":{"line":59,"column":44}},"18":{"start":{"line":61,"column":4},"end":{"line":61,"column":61}},"19":{"start":{"line":65,"column":20},"end":{"line":72,"column":1}},"20":{"start":{"line":66,"column":2},"end":{"line":71,"column":3}},"21":{"start":{"line":67,"column":21},"end":{"line":67,"column":42}},"22":{"start":{"line":68,"column":4},"end":{"line":68,"column":27}},"23":{"start":{"line":70,"column":4},"end":{"line":70,"column":61}},"24":{"start":{"line":74,"column":24},"end":{"line":88,"column":1}},"25":{"start":{"line":75,"column":2},"end":{"line":87,"column":3}},"26":{"start":{"line":76,"column":22},"end":{"line":76,"column":35}},"27":{"start":{"line":78,"column":20},"end":{"line":78,"column":54}},"28":{"start":{"line":80,"column":4},"end":{"line":82,"column":5}},"29":{"start":{"line":81,"column":6},"end":{"line":81,"column":66}},"30":{"start":{"line":84,"column":4},"end":{"line":84,"column":26}},"31":{"start":{"line":86,"column":4},"end":{"line":86,"column":61}},"32":{"start":{"line":90,"column":22},"end":{"line":104,"column":1}},"33":{"start":{"line":91,"column":2},"end":{"line":103,"column":3}},"34":{"start":{"line":92,"column":22},"end":{"line":92,"column":35}},"35":{"start":{"line":94,"column":27},"end":{"line":94,"column":70}},"36":{"start":{"line":96,"column":4},"end":{"line":98,"column":5}},"37":{"start":{"line":97,"column":6},"end":{"line":97,"column":66}},"38":{"start":{"line":100,"column":4},"end":{"line":100,"column":61}},"39":{"start":{"line":102,"column":4},"end":{"line":102,"column":61}},"40":{"start":{"line":106,"column":0},"end":{"line":112,"column":2}}},"fnMap":{"0":{"name":"(anonymous_0)","decl":{"start":{"line":3,"column":22},"end":{"line":3,"column":23}},"loc":{"start":{"line":3,"column":42},"end":{"line":30,"column":1}},"line":3},"1":{"name":"(anonymous_1)","decl":{"start":{"line":32,"column":22},"end":{"line":32,"column":23}},"loc":{"start":{"line":32,"column":42},"end":{"line":63,"column":1}},"line":32},"2":{"name":"(anonymous_2)","decl":{"start":{"line":65,"column":20},"end":{"line":65,"column":21}},"loc":{"start":{"line":65,"column":40},"end":{"line":72,"column":1}},"line":65},"3":{"name":"(anonymous_3)","decl":{"start":{"line":74,"column":24},"end":{"line":74,"column":25}},"loc":{"start":{"line":74,"column":44},"end":{"line":88,"column":1}},"line":74},"4":{"name":"(anonymous_4)","decl":{"start":{"line":90,"column":22},"end":{"line":90,"column":23}},"loc":{"start":{"line":90,"column":42},"end":{"line":104,"column":1}},"line":90}},"branchMap":{"0":{"loc":{"start":{"line":13,"column":4},"end":{"line":15,"column":5}},"type":"if","locations":[{"start":{"line":13,"column":4},"end":{"line":15,"column":5}},{"start":{},"end":{}}],"line":13},"1":{"loc":{"start":{"line":13,"column":8},"end":{"line":13,"column":32}},"type":"binary-expr","locations":[{"start":{"line":13,"column":8},"end":{"line":13,"column":13}},{"start":{"line":13,"column":17},"end":{"line":13,"column":23}},{"start":{"line":13,"column":27},"end":{"line":13,"column":32}}],"line":13},"2":{"loc":{"start":{"line":56,"column":4},"end":{"line":58,"column":5}},"type":"if","locations":[{"start":{"line":56,"column":4},"end":{"line":58,"column":5}},{"start":{},"end":{}}],"line":56},"3":{"loc":{"start":{"line":80,"column":4},"end":{"line":82,"column":5}},"type":"if","locations":[{"start":{"line":80,"column":4},"end":{"line":82,"column":5}},{"start":{},"end":{}}],"line":80},"4":{"loc":{"start":{"line":96,"column":4},"end":{"line":98,"column":5}},"type":"if","locations":[{"start":{"line":96,"column":4},"end":{"line":98,"column":5}},{"start":{},"end":{}}],"line":96}},"s":{"0":1,"1":1,"2":3,"3":3,"4":2,"5":1,"6":1,"7":1,"8":1,"9":1,"10":1,"11":3,"12":3,"13":3,"14":3,"15":2,"16":1,"17":1,"18":1,"19":1,"20":2,"21":2,"22":1,"23":1,"24":1,"25":3,"26":3,"27":2,"28":2,"29":1,"30":1,"31":1,"32":1,"33":3,"34":3,"35":3,"36":2,"37":1,"38":1,"39":1,"40":1},"f":{"0":3,"1":3,"2":2,"3":3,"4":3},"b":{"0":[1,1],"1":[2,1,1],"2":[1,1],"3":[1,1],"4":[1,1]},"_coverageSchema":"1a1c01bbd47fc00a2c39e90264f33305004495a9","hash":"c48f2474a9ff355c7014fb6be9d68d64a3162ef3"}
,"C:\\Nicole\\SAP010-burger-queen-api\\models\\Products.js": {"path":"C:\\Nicole\\SAP010-burger-queen-api\\models\\Products.js","statementMap":{"0":{"start":{"line":1,"column":17},"end":{"line":1,"column":36}},"1":{"start":{"line":3,"column":23},"end":{"line":22,"column":1}},"2":{"start":{"line":24,"column":0},"end":{"line":24,"column":60}}},"fnMap":{},"branchMap":{},"s":{"0":1,"1":1,"2":1},"f":{},"b":{},"_coverageSchema":"1a1c01bbd47fc00a2c39e90264f33305004495a9","hash":"c8062773d2f4fc86ad519f703274291598160009"}
,"C:\\Nicole\\SAP010-burger-queen-api\\models\\User.js": {"path":"C:\\Nicole\\SAP010-burger-queen-api\\models\\User.js","statementMap":{"0":{"start":{"line":1,"column":17},"end":{"line":1,"column":36}},"1":{"start":{"line":3,"column":19},"end":{"line":25,"column":1}},"2":{"start":{"line":27,"column":0},"end":{"line":27,"column":52}}},"fnMap":{},"branchMap":{},"s":{"0":1,"1":1,"2":1},"f":{},"b":{},"_coverageSchema":"1a1c01bbd47fc00a2c39e90264f33305004495a9","hash":"41d2cd63029128c06761f968903fd4bc25d42f62"}
}
