TN:
SF:config.js
FNF:0
FNH:0
DA:1,1
DA:2,1
DA:3,1
DA:4,1
DA:5,1
DA:7,1
LF:6
LH:6
BRDA:1,0,0,1
BRDA:1,0,1,1
BRDA:1,0,2,1
BRDA:2,1,0,1
BRDA:2,1,1,1
BRDA:3,2,0,1
BRDA:3,2,1,1
BRDA:4,3,0,1
BRDA:4,3,1,1
BRDA:5,4,0,1
BRDA:5,4,1,1
BRF:11
BRH:11
end_of_record
TN:
SF:controller\auth.js
FN:6,(anonymous_0)
FNF:1
FNH:1
FNDA:5,(anonymous_0)
DA:1,1
DA:2,1
DA:3,1
DA:4,1
DA:6,1
DA:10,5
DA:12,5
DA:13,1
DA:16,4
DA:17,4
DA:19,3
DA:20,1
DA:23,2
DA:25,2
DA:26,1
DA:29,1
DA:33,1
DA:35,1
DA:39,1
LF:19
LH:19
BRDA:12,0,0,1
BRDA:12,0,1,4
BRDA:12,1,0,5
BRDA:12,1,1,4
BRDA:19,2,0,1
BRDA:19,2,1,2
BRDA:25,3,0,1
BRDA:25,3,1,1
BRF:8
BRH:8
end_of_record
TN:
SF:controller\users.js
FN:4,(anonymous_0)
FN:34,(anonymous_1)
FN:54,(anonymous_2)
FN:63,(anonymous_3)
FN:79,(anonymous_4)
FNF:5
FNH:3
FNDA:3,(anonymous_0)
FNDA:3,(anonymous_1)
FNDA:2,(anonymous_2)
FNDA:0,(anonymous_3)
FNDA:0,(anonymous_4)
DA:1,1
DA:2,1
DA:4,1
DA:5,3
DA:11,3
DA:13,3
DA:14,1
DA:17,2
DA:18,1
DA:24,1
DA:26,1
DA:28,1
DA:30,1
DA:34,1
DA:35,3
DA:36,3
DA:37,3
DA:38,3
DA:44,2
DA:45,1
DA:48,1
DA:50,1
DA:54,1
DA:55,2
DA:56,2
DA:57,1
DA:59,1
DA:63,1
DA:64,0
DA:65,0
DA:66,0
DA:68,0
DA:69,0
DA:72,0
DA:74,0
DA:75,0
DA:79,1
DA:80,0
DA:81,0
DA:82,0
DA:84,0
DA:85,0
DA:88,0
DA:90,0
DA:91,0
DA:95,1
LF:46
LH:30
BRDA:13,0,0,1
BRDA:13,0,1,2
BRDA:13,1,0,3
BRDA:13,1,1,2
BRDA:13,1,2,2
BRDA:13,1,3,2
BRDA:44,2,0,1
BRDA:44,2,1,1
BRDA:68,3,0,0
BRDA:68,3,1,0
BRDA:84,4,0,0
BRDA:84,4,1,0
BRF:12
BRH:8
end_of_record
TN:
SF:models\User.js
FNF:0
FNH:0
DA:1,2
DA:3,2
DA:27,2
LF:3
LH:3
BRF:0
BRH:0
end_of_record
